{"C:\\Users\\Omen\\Desktop\\Project\\my_practice\\src\\controllers\\userController.js": {"path":"C:\\Users\\Omen\\Desktop\\Project\\my_practice\\src\\controllers\\userController.js","statementMap":{"0":{"start":{"line":7,"column":21},"end":{"line":43,"column":1}},"1":{"start":{"line":8,"column":4},"end":{"line":42,"column":5}},"2":{"start":{"line":9,"column":53},"end":{"line":9,"column":61}},"3":{"start":{"line":11,"column":29},"end":{"line":11,"column":76}},"4":{"start":{"line":12,"column":8},"end":{"line":14,"column":9}},"5":{"start":{"line":13,"column":12},"end":{"line":13,"column":105}},"6":{"start":{"line":16,"column":31},"end":{"line":16,"column":62}},"7":{"start":{"line":18,"column":24},"end":{"line":23,"column":10}},"8":{"start":{"line":25,"column":8},"end":{"line":38,"column":9}},"9":{"start":{"line":26,"column":12},"end":{"line":35,"column":15}},"10":{"start":{"line":37,"column":12},"end":{"line":37,"column":84}},"11":{"start":{"line":40,"column":8},"end":{"line":40,"column":53}},"12":{"start":{"line":41,"column":8},"end":{"line":41,"column":80}},"13":{"start":{"line":45,"column":14},"end":{"line":111,"column":3}},"14":{"start":{"line":46,"column":4},"end":{"line":110,"column":5}},"15":{"start":{"line":48,"column":34},"end":{"line":48,"column":42}},"16":{"start":{"line":49,"column":6},"end":{"line":54,"column":7}},"17":{"start":{"line":50,"column":8},"end":{"line":53,"column":11}},"18":{"start":{"line":57,"column":19},"end":{"line":57,"column":59}},"19":{"start":{"line":58,"column":6},"end":{"line":63,"column":7}},"20":{"start":{"line":59,"column":8},"end":{"line":62,"column":11}},"21":{"start":{"line":66,"column":30},"end":{"line":66,"column":75}},"22":{"start":{"line":67,"column":6},"end":{"line":72,"column":7}},"23":{"start":{"line":68,"column":8},"end":{"line":71,"column":11}},"24":{"start":{"line":75,"column":20},"end":{"line":83,"column":7}},"25":{"start":{"line":86,"column":26},"end":{"line":86,"column":40}},"26":{"start":{"line":87,"column":24},"end":{"line":87,"column":72}},"27":{"start":{"line":90,"column":6},"end":{"line":100,"column":9}},"28":{"start":{"line":103,"column":6},"end":{"line":103,"column":50}},"29":{"start":{"line":106,"column":6},"end":{"line":109,"column":9}}},"fnMap":{"0":{"name":"(anonymous_0)","decl":{"start":{"line":7,"column":21},"end":{"line":7,"column":22}},"loc":{"start":{"line":7,"column":41},"end":{"line":43,"column":1}},"line":7},"1":{"name":"(anonymous_1)","decl":{"start":{"line":45,"column":14},"end":{"line":45,"column":15}},"loc":{"start":{"line":45,"column":34},"end":{"line":111,"column":3}},"line":45}},"branchMap":{"0":{"loc":{"start":{"line":12,"column":8},"end":{"line":14,"column":9}},"type":"if","locations":[{"start":{"line":12,"column":8},"end":{"line":14,"column":9}},{"start":{},"end":{}}],"line":12},"1":{"loc":{"start":{"line":25,"column":8},"end":{"line":38,"column":9}},"type":"if","locations":[{"start":{"line":25,"column":8},"end":{"line":38,"column":9}},{"start":{"line":36,"column":15},"end":{"line":38,"column":9}}],"line":25},"2":{"loc":{"start":{"line":49,"column":6},"end":{"line":54,"column":7}},"type":"if","locations":[{"start":{"line":49,"column":6},"end":{"line":54,"column":7}},{"start":{},"end":{}}],"line":49},"3":{"loc":{"start":{"line":49,"column":10},"end":{"line":49,"column":29}},"type":"binary-expr","locations":[{"start":{"line":49,"column":10},"end":{"line":49,"column":16}},{"start":{"line":49,"column":20},"end":{"line":49,"column":29}}],"line":49},"4":{"loc":{"start":{"line":58,"column":6},"end":{"line":63,"column":7}},"type":"if","locations":[{"start":{"line":58,"column":6},"end":{"line":63,"column":7}},{"start":{},"end":{}}],"line":58},"5":{"loc":{"start":{"line":67,"column":6},"end":{"line":72,"column":7}},"type":"if","locations":[{"start":{"line":67,"column":6},"end":{"line":72,"column":7}},{"start":{},"end":{}}],"line":67},"6":{"loc":{"start":{"line":81,"column":8},"end":{"line":81,"column":46}},"type":"binary-expr","locations":[{"start":{"line":81,"column":8},"end":{"line":81,"column":30}},{"start":{"line":81,"column":34},"end":{"line":81,"column":46}}],"line":81}},"s":{"0":0,"1":0,"2":0,"3":0,"4":0,"5":0,"6":0,"7":0,"8":0,"9":0,"10":0,"11":0,"12":0,"13":0,"14":0,"15":0,"16":0,"17":0,"18":0,"19":0,"20":0,"21":0,"22":0,"23":0,"24":0,"25":0,"26":0,"27":0,"28":0,"29":0},"f":{"0":0,"1":0},"b":{"0":[0,0],"1":[0,0],"2":[0,0],"3":[0,0],"4":[0,0],"5":[0,0],"6":[0,0]}}
,"C:\\Users\\Omen\\Desktop\\Project\\my_practice\\src\\models\\User.js": {"path":"C:\\Users\\Omen\\Desktop\\Project\\my_practice\\src\\models\\User.js","statementMap":{"0":{"start":{"line":69,"column":0},"end":{"line":135,"column":2}},"1":{"start":{"line":105,"column":8},"end":{"line":110,"column":17}},"2":{"start":{"line":118,"column":8},"end":{"line":123,"column":17}}},"fnMap":{"0":{"name":"(anonymous_0)","decl":{"start":{"line":104,"column":6},"end":{"line":104,"column":7}},"loc":{"start":{"line":104,"column":12},"end":{"line":111,"column":7}},"line":104},"1":{"name":"(anonymous_1)","decl":{"start":{"line":117,"column":6},"end":{"line":117,"column":7}},"loc":{"start":{"line":117,"column":12},"end":{"line":124,"column":7}},"line":117}},"branchMap":{"0":{"loc":{"start":{"line":105,"column":15},"end":{"line":110,"column":16}},"type":"cond-expr","locations":[{"start":{"line":106,"column":12},"end":{"line":109,"column":34}},{"start":{"line":110,"column":12},"end":{"line":110,"column":16}}],"line":105},"1":{"loc":{"start":{"line":118,"column":15},"end":{"line":123,"column":16}},"type":"cond-expr","locations":[{"start":{"line":119,"column":12},"end":{"line":122,"column":34}},{"start":{"line":123,"column":12},"end":{"line":123,"column":16}}],"line":118}},"s":{"0":0,"1":0,"2":0},"f":{"0":0,"1":0},"b":{"0":[0,0],"1":[0,0]}}
,"C:\\Users\\Omen\\Desktop\\Project\\my_practice\\src\\routes\\userRoutes.js": {"path":"C:\\Users\\Omen\\Desktop\\Project\\my_practice\\src\\routes\\userRoutes.js","statementMap":{"0":{"start":{"line":5,"column":15},"end":{"line":5,"column":31}},"1":{"start":{"line":7,"column":26},"end":{"line":16,"column":1}},"2":{"start":{"line":8,"column":49},"end":{"line":8,"column":57}},"3":{"start":{"line":9,"column":4},"end":{"line":11,"column":5}},"4":{"start":{"line":10,"column":8},"end":{"line":10,"column":89}},"5":{"start":{"line":12,"column":4},"end":{"line":14,"column":5}},"6":{"start":{"line":13,"column":8},"end":{"line":13,"column":103}},"7":{"start":{"line":15,"column":4},"end":{"line":15,"column":11}},"8":{"start":{"line":18,"column":0},"end":{"line":18,"column":44}},"9":{"start":{"line":19,"column":0},"end":{"line":19,"column":77}}},"fnMap":{"0":{"name":"(anonymous_0)","decl":{"start":{"line":7,"column":26},"end":{"line":7,"column":27}},"loc":{"start":{"line":7,"column":46},"end":{"line":16,"column":1}},"line":7}},"branchMap":{"0":{"loc":{"start":{"line":9,"column":4},"end":{"line":11,"column":5}},"type":"if","locations":[{"start":{"line":9,"column":4},"end":{"line":11,"column":5}},{"start":{},"end":{}}],"line":9},"1":{"loc":{"start":{"line":9,"column":8},"end":{"line":9,"column":50}},"type":"binary-expr","locations":[{"start":{"line":9,"column":8},"end":{"line":9,"column":13}},{"start":{"line":9,"column":17},"end":{"line":9,"column":23}},{"start":{"line":9,"column":27},"end":{"line":9,"column":36}},{"start":{"line":9,"column":40},"end":{"line":9,"column":50}}],"line":9},"2":{"loc":{"start":{"line":12,"column":4},"end":{"line":14,"column":5}},"type":"if","locations":[{"start":{"line":12,"column":4},"end":{"line":14,"column":5}},{"start":{},"end":{}}],"line":12},"3":{"loc":{"start":{"line":12,"column":8},"end":{"line":12,"column":46}},"type":"binary-expr","locations":[{"start":{"line":12,"column":8},"end":{"line":12,"column":25}},{"start":{"line":12,"column":29},"end":{"line":12,"column":46}}],"line":12}},"s":{"0":0,"1":0,"2":0,"3":0,"4":0,"5":0,"6":0,"7":0,"8":0,"9":0},"f":{"0":0},"b":{"0":[0,0],"1":[0,0,0,0],"2":[0,0],"3":[0,0]}}
}
